#
# There is insufficient memory for the Java Runtime Environment to continue.
# Native memory allocation (malloc) failed to allocate 32744 bytes for ChunkPool::allocate
# Possible reasons:
#   The system is out of physical RAM or swap space
#   In 32 bit mode, the process size limit was hit
# Possible solutions:
#   Reduce memory load on the system
#   Increase physical memory or swap space
#   Check if swap backing store is full
#   Use 64 bit Java on a 64 bit OS
#   Decrease Java heap size (-Xmx/-Xms)
#   Decrease number of Java threads
#   Decrease Java thread stack sizes (-Xss)
#   Set larger code cache with -XX:ReservedCodeCacheSize=
# This output file may be truncated or incomplete.
#
#  Out of Memory Error (allocation.cpp:211), pid=10532, tid=10556
#
# JRE version: 6.0_43-b01
# Java VM: Java HotSpot(TM) 64-Bit Server VM (20.14-b01 mixed mode windows-amd64 compressed oops)

---------------  T H R E A D  ---------------

Current thread (0x0000000006717000):  JavaThread "C2 CompilerThread0" daemon [_thread_in_native, id=10556, stack(0x0000000007a10000,0x0000000007b10000)]

Stack: [0x0000000007a10000,0x0000000007b10000]

Current CompileTask:
C2:4870744 500      org.apache.http.protocol.HttpCoreContext.getAttribute(Ljava/lang/String;)Ljava/lang/Object; (11 bytes)


---------------  P R O C E S S  ---------------

Java Threads: ( => current thread )
  0x000000000806b800 JavaThread "pool-1-thread-1" [_thread_in_native, id=11432, stack(0x0000000008c90000,0x0000000008d90000)]
  0x0000000008018800 JavaThread "Timer-0" daemon [_thread_blocked, id=12656, stack(0x0000000008a10000,0x0000000008b10000)]
  0x0000000006728000 JavaThread "Low Memory Detector" daemon [_thread_blocked, id=12996, stack(0x0000000007c10000,0x0000000007d10000)]
  0x0000000006703800 JavaThread "C2 CompilerThread1" daemon [_thread_blocked, id=7876, stack(0x0000000007b10000,0x0000000007c10000)]
=>0x0000000006717000 JavaThread "C2 CompilerThread0" daemon [_thread_in_native, id=10556, stack(0x0000000007a10000,0x0000000007b10000)]
  0x00000000066fc800 JavaThread "JDWP Command Reader" daemon [_thread_in_native, id=10336, stack(0x0000000007910000,0x0000000007a10000)]
  0x00000000066f7800 JavaThread "JDWP Event Helper Thread" daemon [_thread_blocked, id=13048, stack(0x0000000007810000,0x0000000007910000)]
  0x00000000066f1800 JavaThread "JDWP Transport Listener: dt_socket" daemon [_thread_blocked, id=10700, stack(0x00000000075d0000,0x00000000076d0000)]
  0x00000000066a1000 JavaThread "Attach Listener" daemon [_thread_blocked, id=10876, stack(0x00000000074d0000,0x00000000075d0000)]
  0x000000000669f800 JavaThread "Signal Dispatcher" daemon [_thread_blocked, id=10284, stack(0x00000000073d0000,0x00000000074d0000)]
  0x0000000006687000 JavaThread "Finalizer" daemon [_thread_blocked, id=8616, stack(0x00000000072d0000,0x00000000073d0000)]
  0x0000000006686000 JavaThread "Reference Handler" daemon [_thread_blocked, id=10264, stack(0x00000000071d0000,0x00000000072d0000)]
  0x000000000034e000 JavaThread "main" [_thread_blocked, id=11036, stack(0x0000000002430000,0x0000000002530000)]

Other Threads:
  0x000000000667c000 VMThread [stack: 0x00000000070d0000,0x00000000071d0000] [id=8496]
  0x0000000006704800 WatcherThread [stack: 0x0000000007d10000,0x0000000007e10000] [id=11068]

VM state:not at safepoint (normal execution)

VM Mutex/Monitor currently owned by a thread: None

Heap
 PSYoungGen      total 13504K, used 3500K [0x00000007d5eb0000, 0x00000007d7520000, 0x0000000800000000)
  eden space 13376K, 25% used [0x00000007d5eb0000,0x00000007d61fb0f0,0x00000007d6bc0000)
  from space 128K, 100% used [0x00000007d6bf0000,0x00000007d6c10000,0x00000007d6c10000)
  to   space 4800K, 0% used [0x00000007d7070000,0x00000007d7070000,0x00000007d7520000)
 PSOldGen        total 86208K, used 76185K [0x0000000781c00000, 0x0000000787030000, 0x00000007d5eb0000)
  object space 86208K, 88% used [0x0000000781c00000,0x00000007866665e8,0x0000000787030000)
 PSPermGen       total 21248K, used 13027K [0x000000077ca00000, 0x000000077dec0000, 0x0000000781c00000)
  object space 21248K, 61% used [0x000000077ca00000,0x000000077d6b8e70,0x000000077dec0000)

Code Cache  [0x0000000002530000, 0x00000000027a0000, 0x0000000005530000)
 total_blobs=731 nmethods=492 adapters=200 free_code_cache=48289280 largest_free_block=20032

Dynamic libraries:
0x0000000000400000 - 0x000000000042f000 	D:\Program Files\Java\jdk1.6.0_43\bin\java.exe
0x0000000076f30000 - 0x00000000770d9000 	C:\Windows\SYSTEM32\ntdll.dll
0x0000000076d10000 - 0x0000000076e2f000 	C:\Windows\system32\kernel32.dll
0x000007fefcf30000 - 0x000007fefcf9b000 	C:\Windows\system32\KERNELBASE.dll
0x000007fefd460000 - 0x000007fefd53b000 	C:\Windows\system32\ADVAPI32.dll
0x000007feff000000 - 0x000007feff09f000 	C:\Windows\system32\msvcrt.dll
0x000007feff220000 - 0x000007feff23f000 	C:\Windows\SYSTEM32\sechost.dll
0x000007fefd250000 - 0x000007fefd37d000 	C:\Windows\system32\RPCRT4.dll
0x000000006d8c0000 - 0x000000006e07c000 	D:\Program Files\Java\jdk1.6.0_43\jre\bin\server\jvm.dll
0x0000000076e30000 - 0x0000000076f2a000 	C:\Windows\system32\USER32.dll
0x000007fefef90000 - 0x000007fefeff7000 	C:\Windows\system32\GDI32.dll
0x000007fefee60000 - 0x000007fefee6e000 	C:\Windows\system32\LPK.dll
0x000007fefd540000 - 0x000007fefd609000 	C:\Windows\system32\USP10.dll
0x000007fefae00000 - 0x000007fefae3b000 	C:\Windows\system32\WINMM.dll
0x000007fefe890000 - 0x000007fefe8be000 	C:\Windows\system32\IMM32.DLL
0x000007fefd870000 - 0x000007fefd979000 	C:\Windows\system32\MSCTF.dll
0x000000006d830000 - 0x000000006d83e000 	D:\Program Files\Java\jdk1.6.0_43\jre\bin\verify.dll
0x000000006d450000 - 0x000000006d477000 	D:\Program Files\Java\jdk1.6.0_43\jre\bin\java.dll
0x000000006d4c0000 - 0x000000006d4f4000 	D:\Program Files\Java\jdk1.6.0_43\jre\bin\jdwp.dll
0x000000006d6e0000 - 0x000000006d6e8000 	D:\Program Files\Java\jdk1.6.0_43\jre\bin\npt.dll
0x000000006d880000 - 0x000000006d892000 	D:\Program Files\Java\jdk1.6.0_43\jre\bin\zip.dll
0x000000006d310000 - 0x000000006d319000 	D:\Program Files\Java\jdk1.6.0_43\jre\bin\dt_socket.dll
0x000007fefd410000 - 0x000007fefd45d000 	C:\Windows\system32\WS2_32.dll
0x000007fefd400000 - 0x000007fefd408000 	C:\Windows\system32\NSI.dll
0x000007fefc6b0000 - 0x000007fefc705000 	C:\Windows\system32\mswsock.dll
0x000007fefc0b0000 - 0x000007fefc0b7000 	C:\Windows\System32\wshtcpip.dll
0x000007fefc710000 - 0x000007fefc727000 	C:\Windows\system32\CRYPTSP.dll
0x000007fefc410000 - 0x000007fefc457000 	C:\Windows\system32\rsaenh.dll
0x000007fefc1c0000 - 0x000007fefc1de000 	C:\Windows\system32\USERENV.dll
0x000007fefce80000 - 0x000007fefce8f000 	C:\Windows\system32\profapi.dll
0x000007fefcd70000 - 0x000007fefcd7f000 	C:\Windows\system32\CRYPTBASE.dll
0x000000006d6b0000 - 0x000000006d6c7000 	D:\Program Files\Java\jdk1.6.0_43\jre\bin\net.dll
0x000007fefc6a0000 - 0x000007fefc6a7000 	C:\Windows\System32\wship6.dll
0x000007fefb4a0000 - 0x000007fefb4b5000 	C:\Windows\system32\NLAapi.dll
0x000007fef9020000 - 0x000007fef9035000 	C:\Windows\system32\napinsp.dll
0x000007fef9000000 - 0x000007fef9019000 	C:\Windows\system32\pnrpnsp.dll
0x000007fefc530000 - 0x000007fefc58b000 	C:\Windows\system32\DNSAPI.dll
0x000007fef8ff0000 - 0x000007fef8ffb000 	C:\Windows\System32\winrnr.dll
0x000007fefaa70000 - 0x000007fefaa97000 	C:\Windows\system32\IPHLPAPI.DLL
0x000007fefaa60000 - 0x000007fefaa6b000 	C:\Windows\system32\WINNSI.DLL
0x000007fef8270000 - 0x000007fef8278000 	C:\Windows\system32\rasadhlp.dll
0x000007fefa8f0000 - 0x000007fefa943000 	C:\Windows\System32\fwpuclnt.dll
0x0000000077100000 - 0x0000000077107000 	C:\Windows\system32\PSAPI.DLL

VM Arguments:
jvm_args: -agentlib:jdwp=transport=dt_socket,address=127.0.0.1:36634,suspend=y,server=n -Dfile.encoding=UTF-8 
java_command: us.codecraft.webmagic.amazon.AmazonProductProcessor
Launcher Type: SUN_STANDARD

Environment Variables:
JAVA_HOME=D:\Program Files\Java\jdk1.6.0_43
PATH=C:\Program Files (x86)\Intel\iCLS Client\;C:\Program Files\Intel\iCLS Client\;C:\Windows\system32;C:\Windows;C:\Windows\System32\Wbem;C:\Windows\System32\WindowsPowerShell\v1.0\;C:\Program Files\Intel\Intel(R) Management Engine Components\DAL;C:\Program Files\Intel\Intel(R) Management Engine Components\IPT;C:\Program Files (x86)\Intel\Intel(R) Management Engine Components\DAL;C:\Program Files (x86)\Intel\Intel(R) Management Engine Components\IPT;C:\Program Files (x86)\Intel\OpenCL SDK\2.0\bin\x86;C:\Program Files (x86)\Intel\OpenCL SDK\2.0\bin\x64;D:\Program Files\Java\jdk1.6.0_43/bin;D:\downloads\apache-maven-2.2.1-bin\apache-maven-2.2.1\bin;D:\Program Files\TortoiseSVN\bin;D:\downloads\apache-ant-1.8.2-bin.tar\apache-ant-1.8.2-bin\apache-ant-1.8.2\bin;D:\Program Files (x86)\VisualSVN Server\bin;D:\downloads\androiddec\dex2jar\dex2jar-0.0.9.15;D:\downloads\androiddec\smzy_ApkTool\;D:\downloads\putty;D:\downloads\apktool2.0.0\apktool2.2;d:\Program Files (x86)\UltraEdit;D:\Program Files\adt-bundle-windows-x86-20130917\sdk\platform-tools;D:\downloads\gradle-2.9-all\gradle-2.9\bin;C:\Strawberry\c\bin;C:\Strawberry\perl\site\bin;C:\Strawberry\perl\bin;C:\Program Files\Darwin Streaming Server;;d:\Program Files\Boot2Docker for Windows;d:\Program Files (x86)\Nmap
USERNAME=PC
OS=Windows_NT
PROCESSOR_IDENTIFIER=Intel64 Family 6 Model 58 Stepping 9, GenuineIntel



---------------  S Y S T E M  ---------------

OS: Windows 7 , 64 bit Build 7601 Service Pack 1

CPU:total 8 (4 cores per cpu, 2 threads per core) family 6 model 58 stepping 9, cmov, cx8, fxsr, mmx, sse, sse2, sse3, ssse3, sse4.1, sse4.2, popcnt, ht

Memory: 4k page, physical 8272432k(830756k free), swap 33087884k(1508k free)

vm_info: Java HotSpot(TM) 64-Bit Server VM (20.14-b01) for windows-amd64 JRE (1.6.0_43-b01), built on Mar  1 2013 01:52:33 by "java_re" with MS VC++ 8.0 (VS2005)

time: Wed May 25 20:38:30 2016
elapsed time: 4869 seconds

